# JRE version: OpenJDK Runtime Environment AdoptOpenJDK-11.0.11+9 (11.0.11+9) (build 11.0.11+9)
# Java VM: OpenJDK 64-Bit Server VM AdoptOpenJDK-11.0.11+9 (11.0.11+9, mixed mode, tiered, compressed oops, parallel gc, windows-amd64)
Heap:
 PSYoungGen      total 37376K, used 0K [0x00000000eab00000, 0x00000000ed380000, 0x0000000100000000)
  eden space 32768K, 0% used [0x00000000eab00000,0x00000000eab00000,0x00000000ecb00000)
  from space 4608K, 0% used [0x00000000ecd00000,0x00000000ecd00000,0x00000000ed180000)
  to   space 1536K, 0% used [0x00000000ed200000,0x00000000ed200000,0x00000000ed380000)
 ParOldGen       total 68608K, used 20259K [0x00000000c0000000, 0x00000000c4300000, 0x00000000eab00000)
  object space 68608K, 29% used [0x00000000c0000000,0x00000000c13c8f68,0x00000000c4300000)
 Metaspace       used 33654K, capacity 35293K, committed 35328K, reserved 1081344K
  class space    used 3177K, capacity 3810K, committed 3840K, reserved 1048576K
GC Heap History (20 events):
Event: 2.469 GC heap before
{Heap before GC invocations=4 (full 1):
 PSYoungGen      total 29696K, used 4073K [0x00000000eab00000, 0x00000000ecc00000, 0x0000000100000000)
  eden space 25600K, 0% used [0x00000000eab00000,0x00000000eab00000,0x00000000ec400000)
  from space 4096K, 99% used [0x00000000ec400000,0x00000000ec7fa738,0x00000000ec800000)
  to   space 4096K, 0% used [0x00000000ec800000,0x00000000ec800000,0x00000000ecc00000)
 ParOldGen       total 68608K, used 3446K [0x00000000c0000000, 0x00000000c4300000, 0x00000000eab00000)
  object space 68608K, 5% used [0x00000000c0000000,0x00000000c035db18,0x00000000c4300000)
 Metaspace       used 20330K, capacity 21150K, committed 21248K, reserved 1069056K
  class space    used 1903K, capacity 2220K, committed 2304K, reserved 1048576K
}
Event: 2.497 GC heap after
{Heap after GC invocations=4 (full 1):
 PSYoungGen      total 29696K, used 0K [0x00000000eab00000, 0x00000000ecc00000, 0x0000000100000000)
  eden space 25600K, 0% used [0x00000000eab00000,0x00000000eab00000,0x00000000ec400000)
  from space 4096K, 0% used [0x00000000ec400000,0x00000000ec400000,0x00000000ec800000)
  to   space 4096K, 0% used [0x00000000ec800000,0x00000000ec800000,0x00000000ecc00000)
 ParOldGen       total 68608K, used 7357K [0x00000000c0000000, 0x00000000c4300000, 0x00000000eab00000)
  object space 68608K, 10% used [0x00000000c0000000,0x00000000c072f640,0x00000000c4300000)
 Metaspace       used 20330K, capacity 21150K, committed 21248K, reserved 1069056K
  class space    used 1903K, capacity 2220K, committed 2304K, reserved 1048576K
}
Event: 3.543 GC heap before
{Heap before GC invocations=5 (full 1):
 PSYoungGen      total 29696K, used 25600K [0x00000000eab00000, 0x00000000ecc00000, 0x0000000100000000)
  eden space 25600K, 100% used [0x00000000eab00000,0x00000000ec400000,0x00000000ec400000)
  from space 4096K, 0% used [0x00000000ec400000,0x00000000ec400000,0x00000000ec800000)
  to   space 4096K, 0% used [0x00000000ec800000,0x00000000ec800000,0x00000000ecc00000)
 ParOldGen       total 68608K, used 7357K [0x00000000c0000000, 0x00000000c4300000, 0x00000000eab00000)
  object space 68608K, 10% used [0x00000000c0000000,0x00000000c072f640,0x00000000c4300000)
 Metaspace       used 27753K, capacity 29162K, committed 29312K, reserved 1075200K
  class space    used 2625K, capacity 3150K, committed 3200K, reserved 1048576K
}
Event: 3.545 GC heap after
{Heap after GC invocations=5 (full 1):
 PSYoungGen      total 29696K, used 2054K [0x00000000eab00000, 0x00000000ecc00000, 0x0000000100000000)
  eden space 25600K, 0% used [0x00000000eab00000,0x00000000eab00000,0x00000000ec400000)
  from space 4096K, 50% used [0x00000000ec800000,0x00000000eca01b88,0x00000000ecc00000)
  to   space 4096K, 0% used [0x00000000ec400000,0x00000000ec400000,0x00000000ec800000)
 ParOldGen       total 68608K, used 7373K [0x00000000c0000000, 0x00000000c4300000, 0x00000000eab00000)
  object space 68608K, 10% used [0x00000000c0000000,0x00000000c0733658,0x00000000c4300000)
 Metaspace       used 27753K, capacity 29162K, committed 29312K, reserved 1075200K
  class space    used 2625K, capacity 3150K, committed 3200K, reserved 1048576K
}
Event: 3.901 GC heap before
{Heap before GC invocations=6 (full 1):
 PSYoungGen      total 29696K, used 27654K [0x00000000eab00000, 0x00000000ecc00000, 0x0000000100000000)
  eden space 25600K, 100% used [0x00000000eab00000,0x00000000ec400000,0x00000000ec400000)
  from space 4096K, 50% used [0x00000000ec800000,0x00000000eca01b88,0x00000000ecc00000)
  to   space 4096K, 0% used [0x00000000ec400000,0x00000000ec400000,0x00000000ec800000)
 ParOldGen       total 68608K, used 7373K [0x00000000c0000000, 0x00000000c4300000, 0x00000000eab00000)
  object space 68608K, 10% used [0x00000000c0000000,0x00000000c0733658,0x00000000c4300000)
 Metaspace       used 31296K, capacity 32916K, committed 33152K, reserved 1079296K
  class space    used 2999K, capacity 3590K, committed 3712K, reserved 1048576K
}
Event: 3.906 GC heap after
{Heap after GC invocations=6 (full 1):
 PSYoungGen      total 29184K, used 4086K [0x00000000eab00000, 0x00000000ecd80000, 0x0000000100000000)
  eden space 25088K, 0% used [0x00000000eab00000,0x00000000eab00000,0x00000000ec380000)
  from space 4096K, 99% used [0x00000000ec400000,0x00000000ec7fdbb8,0x00000000ec800000)
  to   space 5120K, 0% used [0x00000000ec880000,0x00000000ec880000,0x00000000ecd80000)
 ParOldGen       total 68608K, used 7757K [0x00000000c0000000, 0x00000000c4300000, 0x00000000eab00000)
  object space 68608K, 11% used [0x00000000c0000000,0x00000000c0793658,0x00000000c4300000)
 Metaspace       used 31296K, capacity 32916K, committed 33152K, reserved 1079296K
  class space    used 2999K, capacity 3590K, committed 3712K, reserved 1048576K
}
Event: 4.050 GC heap before
{Heap before GC invocations=7 (full 1):
 PSYoungGen      total 29184K, used 29174K [0x00000000eab00000, 0x00000000ecd80000, 0x0000000100000000)
  eden space 25088K, 100% used [0x00000000eab00000,0x00000000ec380000,0x00000000ec380000)
  from space 4096K, 99% used [0x00000000ec400000,0x00000000ec7fdbb8,0x00000000ec800000)
  to   space 5120K, 0% used [0x00000000ec880000,0x00000000ec880000,0x00000000ecd80000)
 ParOldGen       total 68608K, used 7757K [0x00000000c0000000, 0x00000000c4300000, 0x00000000eab00000)
  object space 68608K, 11% used [0x00000000c0000000,0x00000000c0793658,0x00000000c4300000)
 Metaspace       used 31503K, capacity 33135K, committed 33408K, reserved 1079296K
  class space    used 3017K, capacity 3599K, committed 3712K, reserved 1048576K
}
Event: 4.064 GC heap after
{Heap after GC invocations=7 (full 1):
 PSYoungGen      total 28160K, used 5116K [0x00000000eab00000, 0x00000000ed100000, 0x0000000100000000)
  eden space 23040K, 0% used [0x00000000eab00000,0x00000000eab00000,0x00000000ec180000)
  from space 5120K, 99% used [0x00000000ec880000,0x00000000ecd7f060,0x00000000ecd80000)
  to   space 7168K, 0% used [0x00000000ec180000,0x00000000ec180000,0x00000000ec880000)
 ParOldGen       total 68608K, used 9020K [0x00000000c0000000, 0x00000000c4300000, 0x00000000eab00000)
  object space 68608K, 13% used [0x00000000c0000000,0x00000000c08cf2d8,0x00000000c4300000)
 Metaspace       used 31503K, capacity 33135K, committed 33408K, reserved 1079296K
  class space    used 3017K, capacity 3599K, committed 3712K, reserved 1048576K
}
Event: 4.105 GC heap before
{Heap before GC invocations=8 (full 1):
 PSYoungGen      total 28160K, used 28156K [0x00000000eab00000, 0x00000000ed100000, 0x0000000100000000)
  eden space 23040K, 100% used [0x00000000eab00000,0x00000000ec180000,0x00000000ec180000)
  from space 5120K, 99% used [0x00000000ec880000,0x00000000ecd7f060,0x00000000ecd80000)
  to   space 7168K, 0% used [0x00000000ec180000,0x00000000ec180000,0x00000000ec880000)
 ParOldGen       total 68608K, used 9020K [0x00000000c0000000, 0x00000000c4300000, 0x00000000eab00000)
  object space 68608K, 13% used [0x00000000c0000000,0x00000000c08cf2d8,0x00000000c4300000)
 Metaspace       used 31579K, capacity 33231K, committed 33408K, reserved 1079296K
  class space    used 3025K, capacity 3631K, committed 3712K, reserved 1048576K
}
Event: 4.118 GC heap after
{Heap after GC invocations=8 (full 1):
 PSYoungGen      total 29696K, used 7143K [0x00000000eab00000, 0x00000000ed100000, 0x0000000100000000)
  eden space 22528K, 0% used [0x00000000eab00000,0x00000000eab00000,0x00000000ec100000)
  from space 7168K, 99% used [0x00000000ec180000,0x00000000ec879fb8,0x00000000ec880000)
  to   space 8192K, 0% used [0x00000000ec900000,0x00000000ec900000,0x00000000ed100000)
 ParOldGen       total 68608K, used 9616K [0x00000000c0000000, 0x00000000c4300000, 0x00000000eab00000)
  object space 68608K, 14% used [0x00000000c0000000,0x00000000c09640e8,0x00000000c4300000)
 Metaspace       used 31579K, capacity 33231K, committed 33408K, reserved 1079296K
  class space    used 3025K, capacity 3631K, committed 3712K, reserved 1048576K
}
Event: 4.144 GC heap before
{Heap before GC invocations=9 (full 1):
 PSYoungGen      total 29696K, used 29671K [0x00000000eab00000, 0x00000000ed100000, 0x0000000100000000)
  eden space 22528K, 100% used [0x00000000eab00000,0x00000000ec100000,0x00000000ec100000)
  from space 7168K, 99% used [0x00000000ec180000,0x00000000ec879fb8,0x00000000ec880000)
  to   space 8192K, 0% used [0x00000000ec900000,0x00000000ec900000,0x00000000ed100000)
 ParOldGen       total 68608K, used 9616K [0x00000000c0000000, 0x00000000c4300000, 0x00000000eab00000)
  object space 68608K, 14% used [0x00000000c0000000,0x00000000c09640e8,0x00000000c4300000)
 Metaspace       used 31579K, capacity 33231K, committed 33408K, reserved 1079296K
  class space    used 3025K, capacity 3631K, committed 3712K, reserved 1048576K
}
Event: 4.155 GC heap after
{Heap after GC invocations=9 (full 1):
 PSYoungGen      total 28672K, used 8176K [0x00000000eab00000, 0x00000000ed480000, 0x0000000100000000)
  eden space 20480K, 0% used [0x00000000eab00000,0x00000000eab00000,0x00000000ebf00000)
  from space 8192K, 99% used [0x00000000ec900000,0x00000000ed0fc040,0x00000000ed100000)
  to   space 10240K, 0% used [0x00000000ebf00000,0x00000000ebf00000,0x00000000ec900000)
 ParOldGen       total 68608K, used 10928K [0x00000000c0000000, 0x00000000c4300000, 0x00000000eab00000)
  object space 68608K, 15% used [0x00000000c0000000,0x00000000c0aac3d0,0x00000000c4300000)
 Metaspace       used 31579K, capacity 33231K, committed 33408K, reserved 1079296K
  class space    used 3025K, capacity 3631K, committed 3712K, reserved 1048576K
}
Event: 4.187 GC heap before
{Heap before GC invocations=10 (full 1):
 PSYoungGen      total 28672K, used 28656K [0x00000000eab00000, 0x00000000ed480000, 0x0000000100000000)
  eden space 20480K, 100% used [0x00000000eab00000,0x00000000ebf00000,0x00000000ebf00000)
  from space 8192K, 99% used [0x00000000ec900000,0x00000000ed0fc040,0x00000000ed100000)
  to   space 10240K, 0% used [0x00000000ebf00000,0x00000000ebf00000,0x00000000ec900000)
 ParOldGen       total 68608K, used 10928K [0x00000000c0000000, 0x00000000c4300000, 0x00000000eab00000)
  object space 68608K, 15% used [0x00000000c0000000,0x00000000c0aac3d0,0x00000000c4300000)
 Metaspace       used 31579K, capacity 33231K, committed 33408K, reserved 1079296K
  class space    used 3025K, capacity 3631K, committed 3712K, reserved 1048576K
}
Event: 4.282 GC heap after
{Heap after GC invocations=10 (full 1):
 PSYoungGen      total 30720K, used 6816K [0x00000000eab00000, 0x00000000edb00000, 0x0000000100000000)
  eden space 20480K, 0% used [0x00000000eab00000,0x00000000eab00000,0x00000000ebf00000)
  from space 10240K, 66% used [0x00000000ebf00000,0x00000000ec5a8020,0x00000000ec900000)
  to   space 8192K, 0% used [0x00000000ed300000,0x00000000ed300000,0x00000000edb00000)
 ParOldGen       total 68608K, used 14342K [0x00000000c0000000, 0x00000000c4300000, 0x00000000eab00000)
  object space 68608K, 20% used [0x00000000c0000000,0x00000000c0e01ac0,0x00000000c4300000)
 Metaspace       used 31579K, capacity 33231K, committed 33408K, reserved 1079296K
  class space    used 3025K, capacity 3631K, committed 3712K, reserved 1048576K
}
Event: 4.926 GC heap before
{Heap before GC invocations=11 (full 1):
 PSYoungGen      total 30720K, used 27296K [0x00000000eab00000, 0x00000000edb00000, 0x0000000100000000)
  eden space 20480K, 100% used [0x00000000eab00000,0x00000000ebf00000,0x00000000ebf00000)
  from space 10240K, 66% used [0x00000000ebf00000,0x00000000ec5a8020,0x00000000ec900000)
  to   space 8192K, 0% used [0x00000000ed300000,0x00000000ed300000,0x00000000edb00000)
 ParOldGen       total 68608K, used 14342K [0x00000000c0000000, 0x00000000c4300000, 0x00000000eab00000)
  object space 68608K, 20% used [0x00000000c0000000,0x00000000c0e01ac0,0x00000000c4300000)
 Metaspace       used 33204K, capacity 34845K, committed 35072K, reserved 1081344K
  class space    used 3124K, capacity 3746K, committed 3840K, reserved 1048576K
}
Event: 4.943 GC heap after
{Heap after GC invocations=11 (full 1):
 PSYoungGen      total 35840K, used 2853K [0x00000000eab00000, 0x00000000ed600000, 0x0000000100000000)
  eden space 32768K, 0% used [0x00000000eab00000,0x00000000eab00000,0x00000000ecb00000)
  from space 3072K, 92% used [0x00000000ed300000,0x00000000ed5c94c8,0x00000000ed600000)
  to   space 4608K, 0% used [0x00000000ecd00000,0x00000000ecd00000,0x00000000ed180000)
 ParOldGen       total 68608K, used 18403K [0x00000000c0000000, 0x00000000c4300000, 0x00000000eab00000)
  object space 68608K, 26% used [0x00000000c0000000,0x00000000c11f8e28,0x00000000c4300000)
 Metaspace       used 33204K, capacity 34845K, committed 35072K, reserved 1081344K
  class space    used 3124K, capacity 3746K, committed 3840K, reserved 1048576K
}
Event: 5.018 GC heap before
{Heap before GC invocations=12 (full 1):
 PSYoungGen      total 35840K, used 3792K [0x00000000eab00000, 0x00000000ed600000, 0x0000000100000000)
  eden space 32768K, 2% used [0x00000000eab00000,0x00000000eabeabe8,0x00000000ecb00000)
  from space 3072K, 92% used [0x00000000ed300000,0x00000000ed5c94c8,0x00000000ed600000)
  to   space 4608K, 0% used [0x00000000ecd00000,0x00000000ecd00000,0x00000000ed180000)
 ParOldGen       total 68608K, used 18403K [0x00000000c0000000, 0x00000000c4300000, 0x00000000eab00000)
  object space 68608K, 26% used [0x00000000c0000000,0x00000000c11f8e28,0x00000000c4300000)
 Metaspace       used 33654K, capacity 35293K, committed 35328K, reserved 1081344K
  class space    used 3177K, capacity 3810K, committed 3840K, reserved 1048576K
}
Event: 5.022 GC heap after
{Heap after GC invocations=12 (full 1):
 PSYoungGen      total 37376K, used 128K [0x00000000eab00000, 0x00000000ed380000, 0x0000000100000000)
  eden space 32768K, 0% used [0x00000000eab00000,0x00000000eab00000,0x00000000ecb00000)
  from space 4608K, 2% used [0x00000000ecd00000,0x00000000ecd20000,0x00000000ed180000)
  to   space 1536K, 0% used [0x00000000ed200000,0x00000000ed200000,0x00000000ed380000)
 ParOldGen       total 68608K, used 21206K [0x00000000c0000000, 0x00000000c4300000, 0x00000000eab00000)
  object space 68608K, 30% used [0x00000000c0000000,0x00000000c14b5920,0x00000000c4300000)
 Metaspace       used 33654K, capacity 35293K, committed 35328K, reserved 1081344K
  class space    used 3177K, capacity 3810K, committed 3840K, reserved 1048576K
}
Event: 5.022 GC heap before
{Heap before GC invocations=13 (full 2):
 PSYoungGen      total 37376K, used 128K [0x00000000eab00000, 0x00000000ed380000, 0x0000000100000000)
  eden space 32768K, 0% used [0x00000000eab00000,0x00000000eab00000,0x00000000ecb00000)
  from space 4608K, 2% used [0x00000000ecd00000,0x00000000ecd20000,0x00000000ed180000)
  to   space 1536K, 0% used [0x00000000ed200000,0x00000000ed200000,0x00000000ed380000)
 ParOldGen       total 68608K, used 21206K [0x00000000c0000000, 0x00000000c4300000, 0x00000000eab00000)
  object space 68608K, 30% used [0x00000000c0000000,0x00000000c14b5920,0x00000000c4300000)
 Metaspace       used 33654K, capacity 35293K, committed 35328K, reserved 1081344K
  class space    used 3177K, capacity 3810K, committed 3840K, reserved 1048576K
}
Event: 5.124 GC heap after
{Heap after GC invocations=13 (full 2):
 PSYoungGen      total 37376K, used 0K [0x00000000eab00000, 0x00000000ed380000, 0x0000000100000000)
  eden space 32768K, 0% used [0x00000000eab00000,0x00000000eab00000,0x00000000ecb00000)
  from space 4608K, 0% used [0x00000000ecd00000,0x00000000ecd00000,0x00000000ed180000)
  to   space 1536K, 0% used [0x00000000ed200000,0x00000000ed200000,0x00000000ed380000)
 ParOldGen       total 68608K, used 20259K [0x00000000c0000000, 0x00000000c4300000, 0x00000000eab00000)
  object space 68608K, 29% used [0x00000000c0000000,0x00000000c13c8f68,0x00000000c4300000)
 Metaspace       used 33654K, capacity 35293K, committed 35328K, reserved 1081344K
  class space    used 3177K, capacity 3810K, committed 3840K, reserved 1048576K
}

